# JRE version: Java(TM) SE Runtime Environment (8.0_131-b11) (build 1.8.0_131-b11)
# Java VM: Java HotSpot(TM) 64-Bit Server VM (25.131-b11 mixed mode windows-amd64 compressed oops)
Heap:
 PSYoungGen      total 64512K, used 15231K [0x000000076b400000, 0x000000076fa00000, 0x00000007c0000000)
  eden space 60416K, 24% used [0x000000076b400000,0x000000076c2a7fd0,0x000000076ef00000)
  from space 4096K, 5% used [0x000000076f600000,0x000000076f638000,0x000000076fa00000)
  to   space 5632K, 0% used [0x000000076ef00000,0x000000076ef00000,0x000000076f480000)
 ParOldGen       total 175104K, used 3369K [0x00000006c1c00000, 0x00000006cc700000, 0x000000076b400000)
  object space 175104K, 1% used [0x00000006c1c00000,0x00000006c1f4a428,0x00000006cc700000)
 Metaspace       used 10363K, capacity 10550K, committed 10624K, reserved 1058816K
  class space    used 1066K, capacity 1124K, committed 1152K, reserved 1048576K
GC Heap History (10 events):
Event: 70.050 GC heap before
{Heap before GC invocations=4 (full 0):
 PSYoungGen      total 76288K, used 68912K [0x000000076b400000, 0x0000000770900000, 0x00000007c0000000)
  eden space 65536K, 100% used [0x000000076b400000,0x000000076f400000,0x000000076f400000)
  from space 10752K, 31% used [0x000000076f400000,0x000000076f74c010,0x000000076fe80000)
  to   space 10752K, 0% used [0x000000076fe80000,0x000000076fe80000,0x0000000770900000)
 ParOldGen       total 175104K, used 40K [0x00000006c1c00000, 0x00000006cc700000, 0x000000076b400000)
  object space 175104K, 0% used [0x00000006c1c00000,0x00000006c1c0a000,0x00000006cc700000)
 Metaspace       used 10354K, capacity 10550K, committed 10624K, reserved 1058816K
  class space    used 1066K, capacity 1124K, committed 1152K, reserved 1048576K
Event: 70.054 GC heap after
Heap after GC invocations=4 (full 0):
 PSYoungGen      total 76288K, used 3408K [0x000000076b400000, 0x0000000770900000, 0x00000007c0000000)
  eden space 65536K, 0% used [0x000000076b400000,0x000000076b400000,0x000000076f400000)
  from space 10752K, 31% used [0x000000076fe80000,0x00000007701d4140,0x0000000770900000)
  to   space 10752K, 0% used [0x000000076f400000,0x000000076f400000,0x000000076fe80000)
 ParOldGen       total 175104K, used 48K [0x00000006c1c00000, 0x00000006cc700000, 0x000000076b400000)
  object space 175104K, 0% used [0x00000006c1c00000,0x00000006c1c0c000,0x00000006cc700000)
 Metaspace       used 10354K, capacity 10550K, committed 10624K, reserved 1058816K
  class space    used 1066K, capacity 1124K, committed 1152K, reserved 1048576K
}
Event: 75.683 GC heap before
{Heap before GC invocations=5 (full 0):
 PSYoungGen      total 76288K, used 68944K [0x000000076b400000, 0x0000000770900000, 0x00000007c0000000)
  eden space 65536K, 100% used [0x000000076b400000,0x000000076f400000,0x000000076f400000)
  from space 10752K, 31% used [0x000000076fe80000,0x00000007701d4140,0x0000000770900000)
  to   space 10752K, 0% used [0x000000076f400000,0x000000076f400000,0x000000076fe80000)
 ParOldGen       total 175104K, used 48K [0x00000006c1c00000, 0x00000006cc700000, 0x000000076b400000)
  object space 175104K, 0% used [0x00000006c1c00000,0x00000006c1c0c000,0x00000006cc700000)
 Metaspace       used 10363K, capacity 10550K, committed 10624K, reserved 1058816K
  class space    used 1066K, capacity 1124K, committed 1152K, reserved 1048576K
Event: 75.686 GC heap after
Heap after GC invocations=5 (full 0):
 PSYoungGen      total 67584K, used 3392K [0x000000076b400000, 0x000000076ff00000, 0x00000007c0000000)
  eden space 64000K, 0% used [0x000000076b400000,0x000000076b400000,0x000000076f280000)
  from space 3584K, 94% used [0x000000076f400000,0x000000076f750020,0x000000076f780000)
  to   space 4608K, 0% used [0x000000076fa80000,0x000000076fa80000,0x000000076ff00000)
 ParOldGen       total 175104K, used 56K [0x00000006c1c00000, 0x00000006cc700000, 0x000000076b400000)
  object space 175104K, 0% used [0x00000006c1c00000,0x00000006c1c0e000,0x00000006cc700000)
 Metaspace       used 10363K, capacity 10550K, committed 10624K, reserved 1058816K
  class space    used 1066K, capacity 1124K, committed 1152K, reserved 1048576K
}
Event: 81.107 GC heap before
{Heap before GC invocations=6 (full 0):
 PSYoungGen      total 67584K, used 67392K [0x000000076b400000, 0x000000076ff00000, 0x00000007c0000000)
  eden space 64000K, 100% used [0x000000076b400000,0x000000076f280000,0x000000076f280000)
  from space 3584K, 94% used [0x000000076f400000,0x000000076f750020,0x000000076f780000)
  to   space 4608K, 0% used [0x000000076fa80000,0x000000076fa80000,0x000000076ff00000)
 ParOldGen       total 175104K, used 56K [0x00000006c1c00000, 0x00000006cc700000, 0x000000076b400000)
  object space 175104K, 0% used [0x00000006c1c00000,0x00000006c1c0e000,0x00000006cc700000)
 Metaspace       used 10363K, capacity 10550K, committed 10624K, reserved 1058816K
  class space    used 1066K, capacity 1124K, committed 1152K, reserved 1048576K
Event: 81.111 GC heap after
Heap after GC invocations=6 (full 0):
 PSYoungGen      total 66048K, used 3392K [0x000000076b400000, 0x000000076fe00000, 0x00000007c0000000)
  eden space 62464K, 0% used [0x000000076b400000,0x000000076b400000,0x000000076f100000)
  from space 3584K, 94% used [0x000000076fa80000,0x000000076fdd0130,0x000000076fe00000)
  to   space 4608K, 0% used [0x000000076f500000,0x000000076f500000,0x000000076f980000)
 ParOldGen       total 175104K, used 56K [0x00000006c1c00000, 0x00000006cc700000, 0x000000076b400000)
  object space 175104K, 0% used [0x00000006c1c00000,0x00000006c1c0e000,0x00000006cc700000)
 Metaspace       used 10363K, capacity 10550K, committed 10624K, reserved 1058816K
  class space    used 1066K, capacity 1124K, committed 1152K, reserved 1048576K
}
Event: 87.270 GC heap before
{Heap before GC invocations=7 (full 0):
 PSYoungGen      total 66048K, used 65856K [0x000000076b400000, 0x000000076fe00000, 0x00000007c0000000)
  eden space 62464K, 100% used [0x000000076b400000,0x000000076f100000,0x000000076f100000)
  from space 3584K, 94% used [0x000000076fa80000,0x000000076fdd0130,0x000000076fe00000)
  to   space 4608K, 0% used [0x000000076f500000,0x000000076f500000,0x000000076f980000)
 ParOldGen       total 175104K, used 56K [0x00000006c1c00000, 0x00000006cc700000, 0x000000076b400000)
  object space 175104K, 0% used [0x00000006c1c00000,0x00000006c1c0e000,0x00000006cc700000)
 Metaspace       used 10363K, capacity 10550K, committed 10624K, reserved 1058816K
  class space    used 1066K, capacity 1124K, committed 1152K, reserved 1048576K
Event: 87.274 GC heap after
Heap after GC invocations=7 (full 0):
 PSYoungGen      total 61952K, used 128K [0x000000076b400000, 0x000000076fb00000, 0x00000007c0000000)
  eden space 61440K, 0% used [0x000000076b400000,0x000000076b400000,0x000000076f000000)
  from space 512K, 25% used [0x000000076f500000,0x000000076f520000,0x000000076f580000)
  to   space 5120K, 0% used [0x000000076f600000,0x000000076f600000,0x000000076fb00000)
 ParOldGen       total 175104K, used 3345K [0x00000006c1c00000, 0x00000006cc700000, 0x000000076b400000)
  object space 175104K, 1% used [0x00000006c1c00000,0x00000006c1f44428,0x00000006cc700000)
 Metaspace       used 10363K, capacity 10550K, committed 10624K, reserved 1058816K
  class space    used 1066K, capacity 1124K, committed 1152K, reserved 1048576K
}
Event: 93.160 GC heap before
{Heap before GC invocations=8 (full 0):
 PSYoungGen      total 61952K, used 61568K [0x000000076b400000, 0x000000076fb00000, 0x00000007c0000000)
  eden space 61440K, 100% used [0x000000076b400000,0x000000076f000000,0x000000076f000000)
  from space 512K, 25% used [0x000000076f500000,0x000000076f520000,0x000000076f580000)
  to   space 5120K, 0% used [0x000000076f600000,0x000000076f600000,0x000000076fb00000)
 ParOldGen       total 175104K, used 3345K [0x00000006c1c00000, 0x00000006cc700000, 0x000000076b400000)
  object space 175104K, 1% used [0x00000006c1c00000,0x00000006c1f44428,0x00000006cc700000)
 Metaspace       used 10363K, capacity 10550K, committed 10624K, reserved 1058816K
  class space    used 1066K, capacity 1124K, committed 1152K, reserved 1048576K
Event: 93.161 GC heap after
Heap after GC invocations=8 (full 0):
 PSYoungGen      total 64512K, used 224K [0x000000076b400000, 0x000000076fa00000, 0x00000007c0000000)
  eden space 60416K, 0% used [0x000000076b400000,0x000000076b400000,0x000000076ef00000)
  from space 4096K, 5% used [0x000000076f600000,0x000000076f638000,0x000000076fa00000)
  to   space 5632K, 0% used [0x000000076ef00000,0x000000076ef00000,0x000000076f480000)
 ParOldGen       total 175104K, used 3369K [0x00000006c1c00000, 0x00000006cc700000, 0x000000076b400000)
  object space 175104K, 1% used [0x00000006c1c00000,0x00000006c1f4a428,0x00000006cc700000)
 Metaspace       used 10363K, capacity 10550K, committed 10624K, reserved 1058816K
  class space    used 1066K, capacity 1124K, committed 1152K, reserved 1048576K
}

